have_func: checking for rb_enc_interned_str() in ruby.h... -------------------- yes

"gcc -fdeclspec -o conftest -I/Users/watanabesodai/.rvm/rubies/ruby-3.0.2/include/ruby-3.0.0/arm64-darwin22 -I/Users/watanabesodai/.rvm/rubies/ruby-3.0.2/include/ruby-3.0.0/ruby/backward -I/Users/watanabesodai/.rvm/rubies/ruby-3.0.2/include/ruby-3.0.0 -I. -D_XOPEN_SOURCE -D_DARWIN_C_SOURCE -D_DARWIN_UNLIMITED_SELECT -D_REENTRANT   -O3 -I/opt/homebrew/opt/libyaml/include -I/opt/homebrew/opt/libksba/include -I/opt/homebrew/opt/readline/include -I/opt/homebrew/opt/zlib/include -I/opt/homebrew/opt/openssl@1.1/include -fno-common -pipe conftest.c  -L. -L/Users/watanabesodai/.rvm/rubies/ruby-3.0.2/lib -L. -L/opt/homebrew/opt/libyaml/lib -L/opt/homebrew/opt/libksba/lib -L/opt/homebrew/opt/readline/lib -L/opt/homebrew/opt/zlib/lib -L/opt/homebrew/opt/openssl@1.1/lib -fstack-protector-strong -L/usr/local/lib  -m64   -lruby.3.0   "
checked program was:
/* begin */
1: #include "ruby.h"
2: 
3: int main(int argc, char **argv)
4: {
5:   return !!argv[argc];
6: }
/* end */

"gcc -fdeclspec -o conftest -I/Users/watanabesodai/.rvm/rubies/ruby-3.0.2/include/ruby-3.0.0/arm64-darwin22 -I/Users/watanabesodai/.rvm/rubies/ruby-3.0.2/include/ruby-3.0.0/ruby/backward -I/Users/watanabesodai/.rvm/rubies/ruby-3.0.2/include/ruby-3.0.0 -I. -D_XOPEN_SOURCE -D_DARWIN_C_SOURCE -D_DARWIN_UNLIMITED_SELECT -D_REENTRANT   -O3 -I/opt/homebrew/opt/libyaml/include -I/opt/homebrew/opt/libksba/include -I/opt/homebrew/opt/readline/include -I/opt/homebrew/opt/zlib/include -I/opt/homebrew/opt/openssl@1.1/include -fno-common -pipe conftest.c  -L. -L/Users/watanabesodai/.rvm/rubies/ruby-3.0.2/lib -L. -L/opt/homebrew/opt/libyaml/lib -L/opt/homebrew/opt/libksba/lib -L/opt/homebrew/opt/readline/lib -L/opt/homebrew/opt/zlib/lib -L/opt/homebrew/opt/openssl@1.1/lib -fstack-protector-strong -L/usr/local/lib  -m64   -lruby.3.0   "
conftest.c:16:57: error: use of undeclared identifier 'rb_enc_interned_str'
int t(void) { void ((*volatile p)()); p = (void ((*)()))rb_enc_interned_str; return !p; }
                                                        ^
1 error generated.
checked program was:
/* begin */
 1: #include "ruby.h"
 2: 
 3: #include <ruby.h>
 4: 
 5: /*top*/
 6: extern int t(void);
 7: int main(int argc, char **argv)
 8: {
 9:   if (argc > 1000000) {
10:     int (* volatile tp)(void)=(int (*)(void))&t;
11:     printf("%d", (*tp)());
12:   }
13: 
14:   return !!argv[argc];
15: }
16: int t(void) { void ((*volatile p)()); p = (void ((*)()))rb_enc_interned_str; return !p; }
/* end */

"gcc -fdeclspec -o conftest -I/Users/watanabesodai/.rvm/rubies/ruby-3.0.2/include/ruby-3.0.0/arm64-darwin22 -I/Users/watanabesodai/.rvm/rubies/ruby-3.0.2/include/ruby-3.0.0/ruby/backward -I/Users/watanabesodai/.rvm/rubies/ruby-3.0.2/include/ruby-3.0.0 -I. -D_XOPEN_SOURCE -D_DARWIN_C_SOURCE -D_DARWIN_UNLIMITED_SELECT -D_REENTRANT   -O3 -I/opt/homebrew/opt/libyaml/include -I/opt/homebrew/opt/libksba/include -I/opt/homebrew/opt/readline/include -I/opt/homebrew/opt/zlib/include -I/opt/homebrew/opt/openssl@1.1/include -fno-common -pipe conftest.c  -L. -L/Users/watanabesodai/.rvm/rubies/ruby-3.0.2/lib -L. -L/opt/homebrew/opt/libyaml/lib -L/opt/homebrew/opt/libksba/lib -L/opt/homebrew/opt/readline/lib -L/opt/homebrew/opt/zlib/lib -L/opt/homebrew/opt/openssl@1.1/lib -fstack-protector-strong -L/usr/local/lib  -m64   -lruby.3.0   "
checked program was:
/* begin */
 1: #include "ruby.h"
 2: 
 3: #include <ruby.h>
 4: 
 5: /*top*/
 6: extern int t(void);
 7: int main(int argc, char **argv)
 8: {
 9:   if (argc > 1000000) {
10:     int (* volatile tp)(void)=(int (*)(void))&t;
11:     printf("%d", (*tp)());
12:   }
13: 
14:   return !!argv[argc];
15: }
16: extern void rb_enc_interned_str();
17: int t(void) { rb_enc_interned_str(); return 0; }
/* end */

--------------------

have_func: checking for rb_hash_new_capa() in ruby.h... -------------------- no

"gcc -fdeclspec -o conftest -I/Users/watanabesodai/.rvm/rubies/ruby-3.0.2/include/ruby-3.0.0/arm64-darwin22 -I/Users/watanabesodai/.rvm/rubies/ruby-3.0.2/include/ruby-3.0.0/ruby/backward -I/Users/watanabesodai/.rvm/rubies/ruby-3.0.2/include/ruby-3.0.0 -I. -D_XOPEN_SOURCE -D_DARWIN_C_SOURCE -D_DARWIN_UNLIMITED_SELECT -D_REENTRANT   -O3 -I/opt/homebrew/opt/libyaml/include -I/opt/homebrew/opt/libksba/include -I/opt/homebrew/opt/readline/include -I/opt/homebrew/opt/zlib/include -I/opt/homebrew/opt/openssl@1.1/include -fno-common -pipe conftest.c  -L. -L/Users/watanabesodai/.rvm/rubies/ruby-3.0.2/lib -L. -L/opt/homebrew/opt/libyaml/lib -L/opt/homebrew/opt/libksba/lib -L/opt/homebrew/opt/readline/lib -L/opt/homebrew/opt/zlib/lib -L/opt/homebrew/opt/openssl@1.1/lib -fstack-protector-strong -L/usr/local/lib  -m64   -lruby.3.0   "
conftest.c:16:57: error: use of undeclared identifier 'rb_hash_new_capa'
int t(void) { void ((*volatile p)()); p = (void ((*)()))rb_hash_new_capa; return !p; }
                                                        ^
1 error generated.
checked program was:
/* begin */
 1: #include "ruby.h"
 2: 
 3: #include <ruby.h>
 4: 
 5: /*top*/
 6: extern int t(void);
 7: int main(int argc, char **argv)
 8: {
 9:   if (argc > 1000000) {
10:     int (* volatile tp)(void)=(int (*)(void))&t;
11:     printf("%d", (*tp)());
12:   }
13: 
14:   return !!argv[argc];
15: }
16: int t(void) { void ((*volatile p)()); p = (void ((*)()))rb_hash_new_capa; return !p; }
/* end */

"gcc -fdeclspec -o conftest -I/Users/watanabesodai/.rvm/rubies/ruby-3.0.2/include/ruby-3.0.0/arm64-darwin22 -I/Users/watanabesodai/.rvm/rubies/ruby-3.0.2/include/ruby-3.0.0/ruby/backward -I/Users/watanabesodai/.rvm/rubies/ruby-3.0.2/include/ruby-3.0.0 -I. -D_XOPEN_SOURCE -D_DARWIN_C_SOURCE -D_DARWIN_UNLIMITED_SELECT -D_REENTRANT   -O3 -I/opt/homebrew/opt/libyaml/include -I/opt/homebrew/opt/libksba/include -I/opt/homebrew/opt/readline/include -I/opt/homebrew/opt/zlib/include -I/opt/homebrew/opt/openssl@1.1/include -fno-common -pipe conftest.c  -L. -L/Users/watanabesodai/.rvm/rubies/ruby-3.0.2/lib -L. -L/opt/homebrew/opt/libyaml/lib -L/opt/homebrew/opt/libksba/lib -L/opt/homebrew/opt/readline/lib -L/opt/homebrew/opt/zlib/lib -L/opt/homebrew/opt/openssl@1.1/lib -fstack-protector-strong -L/usr/local/lib  -m64   -lruby.3.0   "
Undefined symbols for architecture arm64:
  "_rb_hash_new_capa", referenced from:
      _t in conftest-207e49.o
ld: symbol(s) not found for architecture arm64
clang: error: linker command failed with exit code 1 (use -v to see invocation)
checked program was:
/* begin */
 1: #include "ruby.h"
 2: 
 3: #include <ruby.h>
 4: 
 5: /*top*/
 6: extern int t(void);
 7: int main(int argc, char **argv)
 8: {
 9:   if (argc > 1000000) {
10:     int (* volatile tp)(void)=(int (*)(void))&t;
11:     printf("%d", (*tp)());
12:   }
13: 
14:   return !!argv[argc];
15: }
16: extern void rb_hash_new_capa();
17: int t(void) { rb_hash_new_capa(); return 0; }
/* end */

--------------------

have_func: checking for rb_proc_call_with_block() in ruby.h... -------------------- yes

"gcc -fdeclspec -o conftest -I/Users/watanabesodai/.rvm/rubies/ruby-3.0.2/include/ruby-3.0.0/arm64-darwin22 -I/Users/watanabesodai/.rvm/rubies/ruby-3.0.2/include/ruby-3.0.0/ruby/backward -I/Users/watanabesodai/.rvm/rubies/ruby-3.0.2/include/ruby-3.0.0 -I. -D_XOPEN_SOURCE -D_DARWIN_C_SOURCE -D_DARWIN_UNLIMITED_SELECT -D_REENTRANT   -O3 -I/opt/homebrew/opt/libyaml/include -I/opt/homebrew/opt/libksba/include -I/opt/homebrew/opt/readline/include -I/opt/homebrew/opt/zlib/include -I/opt/homebrew/opt/openssl@1.1/include -fno-common -pipe conftest.c  -L. -L/Users/watanabesodai/.rvm/rubies/ruby-3.0.2/lib -L. -L/opt/homebrew/opt/libyaml/lib -L/opt/homebrew/opt/libksba/lib -L/opt/homebrew/opt/readline/lib -L/opt/homebrew/opt/zlib/lib -L/opt/homebrew/opt/openssl@1.1/lib -fstack-protector-strong -L/usr/local/lib  -m64   -lruby.3.0   "
checked program was:
/* begin */
 1: #include "ruby.h"
 2: 
 3: #include <ruby.h>
 4: 
 5: /*top*/
 6: extern int t(void);
 7: int main(int argc, char **argv)
 8: {
 9:   if (argc > 1000000) {
10:     int (* volatile tp)(void)=(int (*)(void))&t;
11:     printf("%d", (*tp)());
12:   }
13: 
14:   return !!argv[argc];
15: }
16: int t(void) { void ((*volatile p)()); p = (void ((*)()))rb_proc_call_with_block; return !p; }
/* end */

--------------------

block in append_cflags: checking for whether -fvisibility=hidden is accepted as CFLAGS... -------------------- yes

"gcc -fdeclspec -I/Users/watanabesodai/.rvm/rubies/ruby-3.0.2/include/ruby-3.0.0/arm64-darwin22 -I/Users/watanabesodai/.rvm/rubies/ruby-3.0.2/include/ruby-3.0.0/ruby/backward -I/Users/watanabesodai/.rvm/rubies/ruby-3.0.2/include/ruby-3.0.0 -I. -D_XOPEN_SOURCE -D_DARWIN_C_SOURCE -D_DARWIN_UNLIMITED_SELECT -D_REENTRANT   -O3 -I/opt/homebrew/opt/libyaml/include -I/opt/homebrew/opt/libksba/include -I/opt/homebrew/opt/readline/include -I/opt/homebrew/opt/zlib/include -I/opt/homebrew/opt/openssl@1.1/include -fno-common -pipe -m64 -fvisibility=hidden -Werror -c conftest.c"
checked program was:
/* begin */
1: #include "ruby.h"
2: 
3: int main(int argc, char **argv)
4: {
5:   return !!argv[argc];
6: }
/* end */

--------------------

block in append_cflags: checking for whether -I.. is accepted as CFLAGS... -------------------- yes

"gcc -fdeclspec -I/Users/watanabesodai/.rvm/rubies/ruby-3.0.2/include/ruby-3.0.0/arm64-darwin22 -I/Users/watanabesodai/.rvm/rubies/ruby-3.0.2/include/ruby-3.0.0/ruby/backward -I/Users/watanabesodai/.rvm/rubies/ruby-3.0.2/include/ruby-3.0.0 -I. -D_XOPEN_SOURCE -D_DARWIN_C_SOURCE -D_DARWIN_UNLIMITED_SELECT -D_REENTRANT   -O3 -I/opt/homebrew/opt/libyaml/include -I/opt/homebrew/opt/libksba/include -I/opt/homebrew/opt/readline/include -I/opt/homebrew/opt/zlib/include -I/opt/homebrew/opt/openssl@1.1/include -fno-common -pipe -fvisibility=hidden -m64 -I.. -Werror -c conftest.c"
checked program was:
/* begin */
1: #include "ruby.h"
2: 
3: int main(int argc, char **argv)
4: {
5:   return !!argv[argc];
6: }
/* end */

--------------------

block in append_cflags: checking for whether -Wall is accepted as CFLAGS... -------------------- yes

"gcc -fdeclspec -I/Users/watanabesodai/.rvm/rubies/ruby-3.0.2/include/ruby-3.0.0/arm64-darwin22 -I/Users/watanabesodai/.rvm/rubies/ruby-3.0.2/include/ruby-3.0.0/ruby/backward -I/Users/watanabesodai/.rvm/rubies/ruby-3.0.2/include/ruby-3.0.0 -I. -D_XOPEN_SOURCE -D_DARWIN_C_SOURCE -D_DARWIN_UNLIMITED_SELECT -D_REENTRANT   -O3 -I/opt/homebrew/opt/libyaml/include -I/opt/homebrew/opt/libksba/include -I/opt/homebrew/opt/readline/include -I/opt/homebrew/opt/zlib/include -I/opt/homebrew/opt/openssl@1.1/include -fno-common -pipe -fvisibility=hidden -I.. -m64 -Wall -Werror -c conftest.c"
checked program was:
/* begin */
1: #include "ruby.h"
2: 
3: int main(int argc, char **argv)
4: {
5:   return !!argv[argc];
6: }
/* end */

--------------------

block in append_cflags: checking for whether -O3 is accepted as CFLAGS... -------------------- yes

"gcc -fdeclspec -I/Users/watanabesodai/.rvm/rubies/ruby-3.0.2/include/ruby-3.0.0/arm64-darwin22 -I/Users/watanabesodai/.rvm/rubies/ruby-3.0.2/include/ruby-3.0.0/ruby/backward -I/Users/watanabesodai/.rvm/rubies/ruby-3.0.2/include/ruby-3.0.0 -I. -D_XOPEN_SOURCE -D_DARWIN_C_SOURCE -D_DARWIN_UNLIMITED_SELECT -D_REENTRANT   -O3 -I/opt/homebrew/opt/libyaml/include -I/opt/homebrew/opt/libksba/include -I/opt/homebrew/opt/readline/include -I/opt/homebrew/opt/zlib/include -I/opt/homebrew/opt/openssl@1.1/include -fno-common -pipe -fvisibility=hidden -I.. -Wall -m64 -O3 -Werror -c conftest.c"
checked program was:
/* begin */
1: #include "ruby.h"
2: 
3: int main(int argc, char **argv)
4: {
5:   return !!argv[argc];
6: }
/* end */

--------------------

block in append_cflags: checking for whether -std=gnu99 is accepted as CFLAGS... -------------------- yes

"gcc -fdeclspec -I/Users/watanabesodai/.rvm/rubies/ruby-3.0.2/include/ruby-3.0.0/arm64-darwin22 -I/Users/watanabesodai/.rvm/rubies/ruby-3.0.2/include/ruby-3.0.0/ruby/backward -I/Users/watanabesodai/.rvm/rubies/ruby-3.0.2/include/ruby-3.0.0 -I. -D_XOPEN_SOURCE -D_DARWIN_C_SOURCE -D_DARWIN_UNLIMITED_SELECT -D_REENTRANT   -O3 -I/opt/homebrew/opt/libyaml/include -I/opt/homebrew/opt/libksba/include -I/opt/homebrew/opt/readline/include -I/opt/homebrew/opt/zlib/include -I/opt/homebrew/opt/openssl@1.1/include -fno-common -pipe -fvisibility=hidden -I.. -Wall -O3 -m64 -std=gnu99 -Werror -c conftest.c"
checked program was:
/* begin */
1: #include "ruby.h"
2: 
3: int main(int argc, char **argv)
4: {
5:   return !!argv[argc];
6: }
/* end */

--------------------

block in append_cflags: checking for whether -ggdb3 is accepted as CFLAGS... -------------------- yes

"gcc -fdeclspec -I/Users/watanabesodai/.rvm/rubies/ruby-3.0.2/include/ruby-3.0.0/arm64-darwin22 -I/Users/watanabesodai/.rvm/rubies/ruby-3.0.2/include/ruby-3.0.0/ruby/backward -I/Users/watanabesodai/.rvm/rubies/ruby-3.0.2/include/ruby-3.0.0 -I. -D_XOPEN_SOURCE -D_DARWIN_C_SOURCE -D_DARWIN_UNLIMITED_SELECT -D_REENTRANT   -O3 -I/opt/homebrew/opt/libyaml/include -I/opt/homebrew/opt/libksba/include -I/opt/homebrew/opt/readline/include -I/opt/homebrew/opt/zlib/include -I/opt/homebrew/opt/openssl@1.1/include -fno-common -pipe -fvisibility=hidden -I.. -Wall -O3 -std=gnu99 -m64 -ggdb3 -Werror -c conftest.c"
checked program was:
/* begin */
1: #include "ruby.h"
2: 
3: int main(int argc, char **argv)
4: {
5:   return !!argv[argc];
6: }
/* end */

--------------------

block in append_cflags: checking for whether -DRB_ENC_INTERNED_STR_NULL_CHECK=1 is accepted as CFLAGS... -------------------- yes

"gcc -fdeclspec -I/Users/watanabesodai/.rvm/rubies/ruby-3.0.2/include/ruby-3.0.0/arm64-darwin22 -I/Users/watanabesodai/.rvm/rubies/ruby-3.0.2/include/ruby-3.0.0/ruby/backward -I/Users/watanabesodai/.rvm/rubies/ruby-3.0.2/include/ruby-3.0.0 -I. -D_XOPEN_SOURCE -D_DARWIN_C_SOURCE -D_DARWIN_UNLIMITED_SELECT -D_REENTRANT   -O3 -I/opt/homebrew/opt/libyaml/include -I/opt/homebrew/opt/libksba/include -I/opt/homebrew/opt/readline/include -I/opt/homebrew/opt/zlib/include -I/opt/homebrew/opt/openssl@1.1/include -fno-common -pipe -fvisibility=hidden -I.. -Wall -O3 -std=gnu99 -ggdb3 -m64 -DRB_ENC_INTERNED_STR_NULL_CHECK=1 -Werror -c conftest.c"
checked program was:
/* begin */
1: #include "ruby.h"
2: 
3: int main(int argc, char **argv)
4: {
5:   return !!argv[argc];
6: }
/* end */

--------------------

block in append_cflags: checking for whether -DHASH_ASET_DEDUPE=1 is accepted as CFLAGS... -------------------- yes

"gcc -fdeclspec -I/Users/watanabesodai/.rvm/rubies/ruby-3.0.2/include/ruby-3.0.0/arm64-darwin22 -I/Users/watanabesodai/.rvm/rubies/ruby-3.0.2/include/ruby-3.0.0/ruby/backward -I/Users/watanabesodai/.rvm/rubies/ruby-3.0.2/include/ruby-3.0.0 -I. -D_XOPEN_SOURCE -D_DARWIN_C_SOURCE -D_DARWIN_UNLIMITED_SELECT -D_REENTRANT   -O3 -I/opt/homebrew/opt/libyaml/include -I/opt/homebrew/opt/libksba/include -I/opt/homebrew/opt/readline/include -I/opt/homebrew/opt/zlib/include -I/opt/homebrew/opt/openssl@1.1/include -fno-common -pipe -fvisibility=hidden -I.. -Wall -O3 -std=gnu99 -ggdb3 -DRB_ENC_INTERNED_STR_NULL_CHECK=1 -m64 -DHASH_ASET_DEDUPE=1 -Werror -c conftest.c"
checked program was:
/* begin */
1: #include "ruby.h"
2: 
3: int main(int argc, char **argv)
4: {
5:   return !!argv[argc];
6: }
/* end */

--------------------

block in append_cflags: checking for whether -DSTR_UMINUS_DEDUPE_FROZEN=1 is accepted as CFLAGS... -------------------- yes

"gcc -fdeclspec -I/Users/watanabesodai/.rvm/rubies/ruby-3.0.2/include/ruby-3.0.0/arm64-darwin22 -I/Users/watanabesodai/.rvm/rubies/ruby-3.0.2/include/ruby-3.0.0/ruby/backward -I/Users/watanabesodai/.rvm/rubies/ruby-3.0.2/include/ruby-3.0.0 -I. -D_XOPEN_SOURCE -D_DARWIN_C_SOURCE -D_DARWIN_UNLIMITED_SELECT -D_REENTRANT   -O3 -I/opt/homebrew/opt/libyaml/include -I/opt/homebrew/opt/libksba/include -I/opt/homebrew/opt/readline/include -I/opt/homebrew/opt/zlib/include -I/opt/homebrew/opt/openssl@1.1/include -fno-common -pipe -fvisibility=hidden -I.. -Wall -O3 -std=gnu99 -ggdb3 -DRB_ENC_INTERNED_STR_NULL_CHECK=1 -DHASH_ASET_DEDUPE=1 -m64 -DSTR_UMINUS_DEDUPE_FROZEN=1 -Werror -c conftest.c"
checked program was:
/* begin */
1: #include "ruby.h"
2: 
3: int main(int argc, char **argv)
4: {
5:   return !!argv[argc];
6: }
/* end */

--------------------

